Using pre-set license
Built from '6000.1/staging' branch; Version is '6000.1.1f1 (7197418f847b) revision 7444289'; Using compiler version '194234433'; Build Type 'Release'
OS: 'Windows 11  (10.0.22631) 64bit Core' Language: 'en' Physical Memory: 16236 MB
BatchMode: 1, IsHumanControllingUs: 0, StartBugReporterOnCrash: 0, Is64bit: 1, IsPro: 1
Date: 2025-05-06T21:04:31Z

COMMAND LINE ARGUMENTS:
D:\unity\6000.1.1f1\Editor\Unity.exe
-adb2
-batchMode
-noUpm
-name
AssetImportWorker0
-projectPath
C:/Users/frenc/OneDrive/Documents/GitHub/adaptations-code-copy/adaptations code
-logFile
Logs/AssetImportWorker0.log
-srvPort
50247
-job-worker-count
5
-background-job-worker-count
8
-gc-helper-count
1
-name
AssetImport
Successfully changed project path to: C:/Users/frenc/OneDrive/Documents/GitHub/adaptations-code-copy/adaptations code
C:/Users/frenc/OneDrive/Documents/GitHub/adaptations-code-copy/adaptations code
[UnityMemory] Configuration Parameters - Can be set up in boot.config
    "memorysetup-allocator-temp-initial-block-size-main=262144"
    "memorysetup-allocator-temp-initial-block-size-worker=262144"
    "memorysetup-bucket-allocator-granularity=16"
    "memorysetup-bucket-allocator-bucket-count=8"
    "memorysetup-bucket-allocator-block-size=33554432"
    "memorysetup-bucket-allocator-block-count=8"
    "memorysetup-main-allocator-block-size=16777216"
    "memorysetup-thread-allocator-block-size=16777216"
    "memorysetup-gfx-main-allocator-block-size=16777216"
    "memorysetup-gfx-thread-allocator-block-size=16777216"
    "memorysetup-cache-allocator-block-size=4194304"
    "memorysetup-typetree-allocator-block-size=2097152"
    "memorysetup-profiler-bucket-allocator-granularity=16"
    "memorysetup-profiler-bucket-allocator-bucket-count=8"
    "memorysetup-profiler-bucket-allocator-block-size=33554432"
    "memorysetup-profiler-bucket-allocator-block-count=8"
    "memorysetup-profiler-allocator-block-size=16777216"
    "memorysetup-profiler-editor-allocator-block-size=1048576"
    "memorysetup-temp-allocator-size-main=16777216"
    "memorysetup-job-temp-allocator-block-size=2097152"
    "memorysetup-job-temp-allocator-block-size-background=1048576"
    "memorysetup-job-temp-allocator-reduction-small-platforms=262144"
    "memorysetup-temp-allocator-size-background-worker=32768"
    "memorysetup-temp-allocator-size-job-worker=262144"
    "memorysetup-temp-allocator-size-preload-manager=33554432"
    "memorysetup-temp-allocator-size-nav-mesh-worker=65536"
    "memorysetup-temp-allocator-size-audio-worker=65536"
    "memorysetup-temp-allocator-size-cloud-worker=32768"
    "memorysetup-temp-allocator-size-gi-baking-worker=262144"
    "memorysetup-temp-allocator-size-gi-baking-worker=262144"
    "memorysetup-temp-allocator-size-gi-baking-worker=262144"
    "memorysetup-temp-allocator-size-gi-baking-worker=262144"
    "memorysetup-temp-allocator-size-gi-baking-worker=262144"
    "memorysetup-temp-allocator-size-gfx=262144"
Player connection [4456]  Target information:

Player connection [4456]  * "[IP] 192.168.0.249 [Port] 0 [Flags] 2 [Guid] 2321627260 [EditorId] 2321627260 [Version] 1048832 [Id] WindowsEditor(7,Kainens-laptop) [Debug] 1 [PackageName] WindowsEditor [ProjectName] Editor" 

Player connection [4456] Host joined multi-casting on [225.0.0.222:54997]...
Player connection [4456] Host joined alternative multi-casting on [225.0.0.222:34997]...
JobSystem: Creating JobQueue using job-worker-count value 5
Input System module state changed to: Initialized.
[Physics::Module] Initialized fallback backend.
[Physics::Module] Id: 0xdecafbad
Library Redirect Path: Library/
[Physics::Module] Selected backend.
[Physics::Module] Name: PhysX
[Physics::Module] Id: 0xf2b8ea05
[Physics::Module] SDK Version: 4.1.2
[Physics::Module] Integration Version: 1.0.0
[Physics::Module] Threading Mode: Multi-Threaded
Refreshing native plugins compatible for Editor in 316.40 ms, found 4 plugins.
Preloading 0 native plugins for Editor in 0.00 ms.
Initialize engine version: 6000.1.1f1 (7197418f847b)
[Subsystems] Discovering subsystems at path D:/unity/6000.1.1f1/Editor/Data/Resources/UnitySubsystems
[Subsystems] Discovering subsystems at path C:/Users/frenc/OneDrive/Documents/GitHub/adaptations-code-copy/adaptations code/Assets
GfxDevice: creating device client; kGfxThreadingModeNonThreaded
Direct3D:
    Version:  Direct3D 11.0 [level 11.1]
    Renderer: NVIDIA GeForce GTX 1650 (ID=0x1fdd)
    Vendor:   NVIDIA
    VRAM:     3950 MB
    Driver:   31.0.15.4665
Initialize mono
Mono path[0] = 'D:/unity/6000.1.1f1/Editor/Data/Managed'
Mono path[1] = 'D:/unity/6000.1.1f1/Editor/Data/MonoBleedingEdge/lib/mono/unityjit-win32'
Mono config path = 'D:/unity/6000.1.1f1/Editor/Data/MonoBleedingEdge/etc'
Using monoOptions --debugger-agent=transport=dt_socket,embedding=1,server=y,suspend=n,address=127.0.0.1:56192
Begin MonoManager ReloadAssembly
Registering precompiled unity dll's ...
Register platform support module: D:/unity/6000.1.1f1/Editor/Data/PlaybackEngines/WebGLSupport/UnityEditor.WebGL.Extensions.dll
Register platform support module: D:/unity/6000.1.1f1/Editor/Data/PlaybackEngines/WindowsStandaloneSupport/UnityEditor.WindowsStandalone.Extensions.dll
Registered in 0.481447 seconds.
- Loaded All Assemblies, in 12.100 seconds
Native extension for WindowsStandalone target not found
Native extension for WebGL target not found
Mono: successfully reloaded assembly
- Finished resetting the current domain, in  0.393 seconds
Domain Reload Profiling: 12493ms
	BeginReloadAssembly (9297ms)
		ExecutionOrderSort (0ms)
		DisableScriptedObjects (0ms)
		BackupInstance (0ms)
		ReleaseScriptingObjects (0ms)
		CreateAndSetChildDomain (1ms)
	RebuildCommonClasses (560ms)
	RebuildNativeTypeToScriptingClass (14ms)
	initialDomainReloadingComplete (530ms)
	LoadAllAssembliesAndSetupDomain (1698ms)
		LoadAssemblies (9304ms)
		RebuildTransferFunctionScriptingTraits (0ms)
		AnalyzeDomain (1687ms)
			TypeCache.Refresh (1686ms)
				TypeCache.ScanAssembly (1399ms)
			BuildScriptInfoCaches (0ms)
			ResolveRequiredComponents (1ms)
	FinalizeReload (394ms)
		ReleaseScriptCaches (0ms)
		RebuildScriptCaches (0ms)
		SetupLoadedEditorAssemblies (356ms)
			LogAssemblyErrors (0ms)
			InitializePlatformSupportModulesInManaged (56ms)
			SetLoadedEditorAssemblies (4ms)
			BeforeProcessingInitializeOnLoad (62ms)
			ProcessInitializeOnLoadAttributes (156ms)
			ProcessInitializeOnLoadMethodAttributes (78ms)
			AfterProcessingInitializeOnLoad (0ms)
			EditorAssembliesLoaded (0ms)
		ExecutionOrderSort2 (0ms)
		AwakeInstancesAfterBackupRestoration (0ms)
Assembly reference Packages/com.unity.cinemachine/Editor/Samples/ExposeHDRPInternals/HDRP-Editor-ref.asmref has no target assembly definition
========================================================================
Worker process is ready to serve import requests
Import Worker Mode flag is 0x00
Assembly reference Packages/com.unity.cinemachine/Editor/Samples/ExposeHDRPInternals/HDRP-Editor-ref.asmref has no target assembly definition
Assembly reference Packages/com.unity.cinemachine/Editor/Samples/ExposeHDRPInternals/HDRP-Editor-ref.asmref has no target assembly definition
Begin MonoManager ReloadAssembly
- Loaded All Assemblies, in 11.975 seconds
Assembly reference Packages/com.unity.cinemachine/Editor/Samples/ExposeHDRPInternals/HDRP-Editor-ref.asmref has no target assembly definition
'Packages/com.unity.cinemachine/Editor/Obsolete/CinemachineVirtualCameraBaseEditor.cs' contains partial class of Unity.Object, exactly 1 of the partial classes needs to be in a file with the same filename. This is to know the one that can be referenced from ie. GameObjects
'Packages/com.unity.cinemachine/Editor/Editors/CinemachineVirtualCameraBaseEditor.cs' contains partial class of Unity.Object, exactly 1 of the partial classes needs to be in a file with the same filename. This is to know the one that can be referenced from ie. GameObjects
Refreshing native plugins compatible for Editor in 1.91 ms, found 4 plugins.
Native extension for WindowsStandalone target not found
Native extension for WebGL target not found
Assembly reference Packages/com.unity.cinemachine/Editor/Samples/ExposeHDRPInternals/HDRP-Editor-ref.asmref has no target assembly definition
Package Manager log level set to [2]
[Package Manager] Failed to launch server process. Reason: Unity was launched with the -noUpm command-line argument
[Package Manager] Unable to send message (not connected to server process).
[Package Manager] Cannot connect to Unity Package Manager local server
Mono: successfully reloaded assembly
- Finished resetting the current domain, in  1.679 seconds
Domain Reload Profiling: 13650ms
	BeginReloadAssembly (268ms)
		ExecutionOrderSort (0ms)
		DisableScriptedObjects (10ms)
		BackupInstance (0ms)
		ReleaseScriptingObjects (0ms)
		CreateAndSetChildDomain (51ms)
	RebuildCommonClasses (46ms)
	RebuildNativeTypeToScriptingClass (13ms)
	initialDomainReloadingComplete (46ms)
	LoadAllAssembliesAndSetupDomain (11598ms)
		LoadAssemblies (10695ms)
		RebuildTransferFunctionScriptingTraits (0ms)
		AnalyzeDomain (1065ms)
			TypeCache.Refresh (971ms)
				TypeCache.ScanAssembly (876ms)
			BuildScriptInfoCaches (78ms)
			ResolveRequiredComponents (13ms)
	FinalizeReload (1679ms)
		ReleaseScriptCaches (0ms)
		RebuildScriptCaches (0ms)
		SetupLoadedEditorAssemblies (1130ms)
			LogAssemblyErrors (0ms)
			InitializePlatformSupportModulesInManaged (3ms)
			SetLoadedEditorAssemblies (6ms)
			BeforeProcessingInitializeOnLoad (163ms)
			ProcessInitializeOnLoadAttributes (471ms)
			ProcessInitializeOnLoadMethodAttributes (486ms)
			AfterProcessingInitializeOnLoad (2ms)
			EditorAssembliesLoaded (0ms)
		ExecutionOrderSort2 (0ms)
		AwakeInstancesAfterBackupRestoration (7ms)
Launched and connected shader compiler UnityShaderCompiler.exe after 0.06 seconds
Refreshing native plugins compatible for Editor in 2.89 ms, found 4 plugins.
Preloading 0 native plugins for Editor in 0.00 ms.
Unloading 233 Unused Serialized files (Serialized files now loaded: 0)
Unloading 6999 unused Assets / (5.1 MB). Loaded Objects now: 7725.
Memory consumption went from 176.1 MB to 171.0 MB.
Total: 13.175900 ms (FindLiveObjects: 1.130100 ms CreateObjectMapping: 1.807400 ms MarkObjects: 6.195400 ms  DeleteObjects: 4.042000 ms)

========================================================================
Received Import Request.
  Time since last request: 774.005676 seconds.
  path: Assets/Art/ActualGameStuff/New Folder/other tiles folder/extra tiles i forgot_0.asset
  artifactKey: Guid(0daa21d24e8e61741bb0052ef0364092) Importer(815301076,1909f56bfc062723c751e8b465ee728b)
Start importing Assets/Art/ActualGameStuff/New Folder/other tiles folder/extra tiles i forgot_0.asset using Guid(0daa21d24e8e61741bb0052ef0364092) Importer(815301076,1909f56bfc062723c751e8b465ee728b) (PreviewImporter) -> (artifact id: '749a0c4a5a7e4fc7e3ade1e03ae1be5f') in 0.1756843 seconds
Number of updated asset objects reloaded before import = 0Number of asset objects unloaded after import = 3

========================================================================
Received Import Request.
  Time since last request: 9276.583735 seconds.
  path: Assets/Art/ActualGameStuff/New Folder/other tiles folder/Sprite-000aeg1.png
  artifactKey: Guid(72fd3dc55095fa649af35fe804516515) Importer(815301076,1909f56bfc062723c751e8b465ee728b)
Start importing Assets/Art/ActualGameStuff/New Folder/other tiles folder/Sprite-000aeg1.png using Guid(72fd3dc55095fa649af35fe804516515) Importer(815301076,1909f56bfc062723c751e8b465ee728b) (PreviewImporter) -> (artifact id: 'bb18ae4b73efc83ef0ec60065683a387') in 0.1832827 seconds
Number of updated asset objects reloaded before import = 0Number of asset objects unloaded after import = 3

========================================================================
Received Import Request.
  Time since last request: 3.154787 seconds.
  path: Assets/Art/ActualGameStuff/New Folder/other tiles folder/Sprite-000aeg1.png
  artifactKey: Guid(72fd3dc55095fa649af35fe804516515) Importer(815301076,1909f56bfc062723c751e8b465ee728b)
Start importing Assets/Art/ActualGameStuff/New Folder/other tiles folder/Sprite-000aeg1.png using Guid(72fd3dc55095fa649af35fe804516515) Importer(815301076,1909f56bfc062723c751e8b465ee728b) (PreviewImporter) -> (artifact id: '307faeffa89503dcbb3a630f6dfba68f') in 0.0186992 seconds
Number of updated asset objects reloaded before import = 0Number of asset objects unloaded after import = 2

========================================================================
Received Import Request.
  Time since last request: 77.249067 seconds.
  path: Assets/Art/ActualGameStuff/New Folder/other tiles folder/Sprite-000aeg1.png
  artifactKey: Guid(72fd3dc55095fa649af35fe804516515) Importer(815301076,1909f56bfc062723c751e8b465ee728b)
Start importing Assets/Art/ActualGameStuff/New Folder/other tiles folder/Sprite-000aeg1.png using Guid(72fd3dc55095fa649af35fe804516515) Importer(815301076,1909f56bfc062723c751e8b465ee728b) (PreviewImporter) -> (artifact id: '09d1d438aac97674465c5771d8a79ae4') in 0.00715 seconds
Number of updated asset objects reloaded before import = 0Number of asset objects unloaded after import = 2

========================================================================
Received Import Request.
  Time since last request: 111.041415 seconds.
  path: Assets/Art/ActualGameStuff/New Folder/other tiles folder/Sprite-000aeg1.png
  artifactKey: Guid(72fd3dc55095fa649af35fe804516515) Importer(815301076,1909f56bfc062723c751e8b465ee728b)
Start importing Assets/Art/ActualGameStuff/New Folder/other tiles folder/Sprite-000aeg1.png using Guid(72fd3dc55095fa649af35fe804516515) Importer(815301076,1909f56bfc062723c751e8b465ee728b) (PreviewImporter) -> (artifact id: '3517928d9b09de2347d2c0f53e87b007') in 0.0649831 seconds
Number of updated asset objects reloaded before import = 0Number of asset objects unloaded after import = 4

========================================================================
Received Import Request.
  Time since last request: 16.794685 seconds.
  path: Assets/Art/ActualGameStuff/New Folder/other tiles folder/Sprite-000aeg1.png
  artifactKey: Guid(72fd3dc55095fa649af35fe804516515) Importer(815301076,1909f56bfc062723c751e8b465ee728b)
Start importing Assets/Art/ActualGameStuff/New Folder/other tiles folder/Sprite-000aeg1.png using Guid(72fd3dc55095fa649af35fe804516515) Importer(815301076,1909f56bfc062723c751e8b465ee728b) (PreviewImporter) -> (artifact id: '7a7e7f0a128471bc099a98a186688901') in 0.0121409 seconds
Number of updated asset objects reloaded before import = 0Number of asset objects unloaded after import = 4

========================================================================
Received Import Request.
  Time since last request: 2568.794210 seconds.
  path: Assets/Art/ActualGameStuff/New Folder/other tiles folder/Sprite-0002.png
  artifactKey: Guid(ea8226669fbf26e498e21a388b5215bc) Importer(815301076,1909f56bfc062723c751e8b465ee728b)
Start importing Assets/Art/ActualGameStuff/New Folder/other tiles folder/Sprite-0002.png using Guid(ea8226669fbf26e498e21a388b5215bc) Importer(815301076,1909f56bfc062723c751e8b465ee728b) (PreviewImporter) -> (artifact id: '13e126a2f9da404c11dafef7fadf8296') in 0.0421203 seconds
Number of updated asset objects reloaded before import = 0Number of asset objects unloaded after import = 3

========================================================================
Received Import Request.
  Time since last request: 120.389488 seconds.
  path: Assets/Art/ActualGameStuff/New Folder/other tiles folder/Sprite-0002.png
  artifactKey: Guid(ea8226669fbf26e498e21a388b5215bc) Importer(815301076,1909f56bfc062723c751e8b465ee728b)
Start importing Assets/Art/ActualGameStuff/New Folder/other tiles folder/Sprite-0002.png using Guid(ea8226669fbf26e498e21a388b5215bc) Importer(815301076,1909f56bfc062723c751e8b465ee728b) (PreviewImporter) -> (artifact id: '764cbc2030bf820928b7ae567196efce') in 0.0195043 seconds
Number of updated asset objects reloaded before import = 0Number of asset objects unloaded after import = 2

========================================================================
Received Import Request.
  Time since last request: 250.415771 seconds.
  path: Assets/Art/ActualGameStuff/New Folder/other tiles folder/Sprite-0002.png
  artifactKey: Guid(ea8226669fbf26e498e21a388b5215bc) Importer(815301076,1909f56bfc062723c751e8b465ee728b)
Start importing Assets/Art/ActualGameStuff/New Folder/other tiles folder/Sprite-0002.png using Guid(ea8226669fbf26e498e21a388b5215bc) Importer(815301076,1909f56bfc062723c751e8b465ee728b) (PreviewImporter) -> (artifact id: 'dd20b0689af68971790ca3873f59aa91') in 0.0308562 seconds
Number of updated asset objects reloaded before import = 0Number of asset objects unloaded after import = 3

========================================================================
Received Import Request.
  Time since last request: 4.722765 seconds.
  path: Assets/Art/ActualGameStuff/New Folder/other tiles folder/Sprite-0002.png
  artifactKey: Guid(ea8226669fbf26e498e21a388b5215bc) Importer(815301076,1909f56bfc062723c751e8b465ee728b)
Start importing Assets/Art/ActualGameStuff/New Folder/other tiles folder/Sprite-0002.png using Guid(ea8226669fbf26e498e21a388b5215bc) Importer(815301076,1909f56bfc062723c751e8b465ee728b) (PreviewImporter) -> (artifact id: 'b62711379276a0c05207916924ad0f21') in 0.017345 seconds
Number of updated asset objects reloaded before import = 0Number of asset objects unloaded after import = 2

